{
  "0 debug pnpm:scope": {
    "selected": 1
  },
  "1 error pnpm": {
    "code": "ELIFECYCLE",
    "errno": "ENOENT",
    "syscall": "spawn",
    "file": "sh",
    "pkgid": "@example/minimal@0.0.1",
    "stage": "build",
    "script": "astro build",
    "pkgname": "@example/minimal",
    "err": {
      "name": "pnpm",
      "message": "@example/minimal@0.0.1 build: `astro build`\nspawn ENOENT",
      "code": "ELIFECYCLE",
      "stack": "pnpm: @example/minimal@0.0.1 build: `astro build`\nspawn ENOENT\n    at ChildProcess.<anonymous> (/usr/lib/node_modules/pnpm/dist/pnpm.cjs:94974:22)\n    at ChildProcess.emit (node:events:527:28)\n    at maybeClose (node:internal/child_process:1090:16)\n    at ChildProcess._handle.onexit (node:internal/child_process:302:5)"
    }
  },
  "2 warn pnpm:global": " Local package.json exists, but node_modules missing, did you mean to install?"
}